2024-12-23 16:04:56.645	info	main                       	Version info	{"gitCommit": "7567f83", "versionTag": "v0.9.10", "buildType": "release"}
2024-12-23 16:04:56.677	info	deej.config                	Loaded config successfully
2024-12-23 16:04:56.677	info	deej.config                	Config values	{"sliderMapping": "<5 sliders mapped to 9 targets>", "connectionInfo": {"COMPort":"COM30","BaudRate":9600}, "invertSliders": false}
2024-12-23 16:04:56.708	info	deej.sessions              	Got all audio sessions successfully	{"sessionMap": "<14 audio sessions>"}
2024-12-23 16:04:56.745	info	deej                       	Run loop starting
2024-12-23 16:04:56.747	info	deej.serial.com30          	Connected	{"conn": {}}
2024-12-23 16:04:59.252	info	deej.serial.com30          	Detected sliders	{"amount": 5}
2024-12-23 16:05:15.251	info	deej.config                	Loaded config successfully
2024-12-23 16:05:15.251	info	deej.config                	Config values	{"sliderMapping": "<5 sliders mapped to 9 targets>", "connectionInfo": {"COMPort":"COM30","BaudRate":9600}, "invertSliders": false}
2024-12-23 16:05:15.251	info	deej.config                	Reloaded config successfully
2024-12-23 16:05:15.251	info	deej.notifier              	Sending toast notification	{"title": "Configuration reloaded!", "message": "Your changes have been applied."}
2024-12-23 16:05:15.422	info	deej.sessions              	Got all audio sessions successfully	{"sessionMap": "<14 audio sessions>"}
2024-12-23 16:05:15.434	info	deej.sessions              	Detected config reload, attempting to re-acquire all audio sessions
2024-12-23 16:05:15.485	info	deej.serial.com30          	Detected sliders	{"amount": 5}
2024-12-23 16:05:27.058	info	deej.config                	Loaded config successfully
2024-12-23 16:05:27.058	info	deej.config                	Config values	{"sliderMapping": "<5 sliders mapped to 6 targets>", "connectionInfo": {"COMPort":"COM30","BaudRate":9600}, "invertSliders": false}
2024-12-23 16:05:27.058	info	deej.config                	Reloaded config successfully
2024-12-23 16:05:27.058	info	deej.notifier              	Sending toast notification	{"title": "Configuration reloaded!", "message": "Your changes have been applied."}
2024-12-23 16:05:27.228	info	deej.sessions              	Detected config reload, attempting to re-acquire all audio sessions
2024-12-23 16:05:27.236	info	deej.sessions              	Got all audio sessions successfully	{"sessionMap": "<14 audio sessions>"}
2024-12-23 16:05:27.312	info	deej.serial.com30          	Detected sliders	{"amount": 5}
2024-12-23 16:05:32.484	info	deej.sessions              	Got all audio sessions successfully	{"sessionMap": "<14 audio sessions>"}
2024-12-23 16:05:41.022	info	deej.config                	Loaded config successfully
2024-12-23 16:05:41.022	info	deej.config                	Config values	{"sliderMapping": "<5 sliders mapped to 6 targets>", "connectionInfo": {"COMPort":"COM30","BaudRate":9600}, "invertSliders": false}
2024-12-23 16:05:41.022	info	deej.config                	Reloaded config successfully
2024-12-23 16:05:41.022	info	deej.notifier              	Sending toast notification	{"title": "Configuration reloaded!", "message": "Your changes have been applied."}
2024-12-23 16:05:41.209	info	deej.sessions              	Detected config reload, attempting to re-acquire all audio sessions
2024-12-23 16:05:41.236	info	deej.sessions              	Got all audio sessions successfully	{"sessionMap": "<14 audio sessions>"}
2024-12-23 16:05:41.290	info	deej.serial.com30          	Detected sliders	{"amount": 5}
2024-12-23 16:06:27.722	info	deej.tray                  	Quit menu item clicked, stopping
2024-12-23 16:06:27.722	info	deej                       	Stopping
